Performing C++ SOURCE FILE Test ABSL_INTERNAL_AT_LEAST_CXX17 failed with the following output:
Change Dir: /home/tropicbliss/Documents/GitHub/aoc2023/CMakeFiles/CMakeTmp

Run Build Command(s):/usr/bin/gmake -f Makefile cmTC_86eb2/fast && /usr/bin/gmake  -f CMakeFiles/cmTC_86eb2.dir/build.make CMakeFiles/cmTC_86eb2.dir/build
gmake[1]: Entering directory '/home/tropicbliss/Documents/GitHub/aoc2023/CMakeFiles/CMakeTmp'
Building CXX object CMakeFiles/cmTC_86eb2.dir/src.cxx.o
/usr/bin/c++ -DABSL_INTERNAL_AT_LEAST_CXX17  -std=gnu++11 -o CMakeFiles/cmTC_86eb2.dir/src.cxx.o -c /home/tropicbliss/Documents/GitHub/aoc2023/CMakeFiles/CMakeTmp/src.cxx
/home/tropicbliss/Documents/GitHub/aoc2023/CMakeFiles/CMakeTmp/src.cxx:6:4: error: #error "The compiler defaults or is configured for C++ < 17"
    6 | #  error "The compiler defaults or is configured for C++ < 17"
      |    ^~~~~
gmake[1]: *** [CMakeFiles/cmTC_86eb2.dir/build.make:78: CMakeFiles/cmTC_86eb2.dir/src.cxx.o] Error 1
gmake[1]: Leaving directory '/home/tropicbliss/Documents/GitHub/aoc2023/CMakeFiles/CMakeTmp'
gmake: *** [Makefile:127: cmTC_86eb2/fast] Error 2


Source file was:
#ifdef _MSC_VER
#  if _MSVC_LANG < 201700L
#    error "The compiler defaults or is configured for C++ < 17"
#  endif
#elif __cplusplus < 201700L
#  error "The compiler defaults or is configured for C++ < 17"
#endif
int main() { return 0; }

Performing C++ SOURCE FILE Test RANGES_HAS_FMACRO_BACKTRACE_LIMIT failed with the following output:
Change Dir: /home/tropicbliss/Documents/GitHub/aoc2023/CMakeFiles/CMakeTmp

Run Build Command(s):/usr/bin/gmake -f Makefile cmTC_3b079/fast && /usr/bin/gmake  -f CMakeFiles/cmTC_3b079.dir/build.make CMakeFiles/cmTC_3b079.dir/build
gmake[1]: Entering directory '/home/tropicbliss/Documents/GitHub/aoc2023/CMakeFiles/CMakeTmp'
Building CXX object CMakeFiles/cmTC_3b079.dir/src.cxx.o
/usr/bin/c++ -DRANGES_HAS_FMACRO_BACKTRACE_LIMIT  -fmacro-backtrace-limit=1 -std=gnu++14 -o CMakeFiles/cmTC_3b079.dir/src.cxx.o -c /home/tropicbliss/Documents/GitHub/aoc2023/CMakeFiles/CMakeTmp/src.cxx
c++: error: unrecognized command-line option '-fmacro-backtrace-limit=1'; did you mean '-ftemplate-backtrace-limit='?
gmake[1]: *** [CMakeFiles/cmTC_3b079.dir/build.make:78: CMakeFiles/cmTC_3b079.dir/src.cxx.o] Error 1
gmake[1]: Leaving directory '/home/tropicbliss/Documents/GitHub/aoc2023/CMakeFiles/CMakeTmp'
gmake: *** [Makefile:127: cmTC_3b079/fast] Error 2


Source file was:
int main() { return 0; }
Performing C++ SOURCE FILE Test RANGES_HAS_STRICT_VTABLE_POINTERS failed with the following output:
Change Dir: /home/tropicbliss/Documents/GitHub/aoc2023/CMakeFiles/CMakeTmp

Run Build Command(s):/usr/bin/gmake -f Makefile cmTC_14d9a/fast && /usr/bin/gmake  -f CMakeFiles/cmTC_14d9a.dir/build.make CMakeFiles/cmTC_14d9a.dir/build
gmake[1]: Entering directory '/home/tropicbliss/Documents/GitHub/aoc2023/CMakeFiles/CMakeTmp'
Building CXX object CMakeFiles/cmTC_14d9a.dir/src.cxx.o
/usr/bin/c++ -DRANGES_HAS_STRICT_VTABLE_POINTERS  -fstrict-vtable-pointers -std=gnu++14 -o CMakeFiles/cmTC_14d9a.dir/src.cxx.o -c /home/tropicbliss/Documents/GitHub/aoc2023/CMakeFiles/CMakeTmp/src.cxx
c++: error: unrecognized command-line option '-fstrict-vtable-pointers'
gmake[1]: *** [CMakeFiles/cmTC_14d9a.dir/build.make:78: CMakeFiles/cmTC_14d9a.dir/src.cxx.o] Error 1
gmake[1]: Leaving directory '/home/tropicbliss/Documents/GitHub/aoc2023/CMakeFiles/CMakeTmp'
gmake: *** [Makefile:127: cmTC_14d9a/fast] Error 2


Source file was:
int main() { return 0; }
Performing C++ SOURCE FILE Test RANGES_HAS_VECTORIZE failed with the following output:
Change Dir: /home/tropicbliss/Documents/GitHub/aoc2023/CMakeFiles/CMakeTmp

Run Build Command(s):/usr/bin/gmake -f Makefile cmTC_a35ac/fast && /usr/bin/gmake  -f CMakeFiles/cmTC_a35ac.dir/build.make CMakeFiles/cmTC_a35ac.dir/build
gmake[1]: Entering directory '/home/tropicbliss/Documents/GitHub/aoc2023/CMakeFiles/CMakeTmp'
Building CXX object CMakeFiles/cmTC_a35ac.dir/src.cxx.o
/usr/bin/c++ -DRANGES_HAS_VECTORIZE  -fvectorize -std=gnu++14 -o CMakeFiles/cmTC_a35ac.dir/src.cxx.o -c /home/tropicbliss/Documents/GitHub/aoc2023/CMakeFiles/CMakeTmp/src.cxx
c++: error: unrecognized command-line option '-fvectorize'
gmake[1]: *** [CMakeFiles/cmTC_a35ac.dir/build.make:78: CMakeFiles/cmTC_a35ac.dir/src.cxx.o] Error 1
gmake[1]: Leaving directory '/home/tropicbliss/Documents/GitHub/aoc2023/CMakeFiles/CMakeTmp'
gmake: *** [Makefile:127: cmTC_a35ac/fast] Error 2


Source file was:
int main() { return 0; }
Performing C++ SOURCE FILE Test RANGE_V3_ALIGNED_NEW_PROBE failed with the following output:
Change Dir: /home/tropicbliss/Documents/GitHub/aoc2023/CMakeFiles/CMakeTmp

Run Build Command(s):/usr/bin/gmake -f Makefile cmTC_89843/fast && /usr/bin/gmake  -f CMakeFiles/cmTC_89843.dir/build.make CMakeFiles/cmTC_89843.dir/build
gmake[1]: Entering directory '/home/tropicbliss/Documents/GitHub/aoc2023/CMakeFiles/CMakeTmp'
Building CXX object CMakeFiles/cmTC_89843.dir/src.cxx.o
/usr/bin/c++ -DRANGE_V3_ALIGNED_NEW_PROBE  -std=c++14 -std=gnu++14 -o CMakeFiles/cmTC_89843.dir/src.cxx.o -c /home/tropicbliss/Documents/GitHub/aoc2023/CMakeFiles/CMakeTmp/src.cxx
/home/tropicbliss/Documents/GitHub/aoc2023/CMakeFiles/CMakeTmp/src.cxx: In function ‘int main()’:
/home/tropicbliss/Documents/GitHub/aoc2023/CMakeFiles/CMakeTmp/src.cxx:4:20: error: ‘__STDCPP_DEFAULT_NEW_ALIGNMENT__’ was not declared in this scope
    4 |     struct alignas(__STDCPP_DEFAULT_NEW_ALIGNMENT__ * 4) S {};
      |                    ^~~~~~~~~~~~~~~~~~~~~~~~~~~~~~~~
/home/tropicbliss/Documents/GitHub/aoc2023/CMakeFiles/CMakeTmp/src.cxx:4:5: error: expected primary-expression before ‘struct’
    4 |     struct alignas(__STDCPP_DEFAULT_NEW_ALIGNMENT__ * 4) S {};
      |     ^~~~~~
/home/tropicbliss/Documents/GitHub/aoc2023/CMakeFiles/CMakeTmp/src.cxx:5:34: error: ‘S’ was not declared in this scope
    5 |     (void) ::operator new(sizeof(S), static_cast<std::align_val_t>(alignof(S)));
      |                                  ^
/home/tropicbliss/Documents/GitHub/aoc2023/CMakeFiles/CMakeTmp/src.cxx:5:55: error: ‘align_val_t’ in namespace ‘std’ does not name a type
    5 |     (void) ::operator new(sizeof(S), static_cast<std::align_val_t>(alignof(S)));
      |                                                       ^~~~~~~~~~~
gmake[1]: *** [CMakeFiles/cmTC_89843.dir/build.make:78: CMakeFiles/cmTC_89843.dir/src.cxx.o] Error 1
gmake[1]: Leaving directory '/home/tropicbliss/Documents/GitHub/aoc2023/CMakeFiles/CMakeTmp'
gmake: *** [Makefile:127: cmTC_89843/fast] Error 2


Source file was:
#include <new>

int main() {
    struct alignas(__STDCPP_DEFAULT_NEW_ALIGNMENT__ * 4) S {};
    (void) ::operator new(sizeof(S), static_cast<std::align_val_t>(alignof(S)));
}

